<?xml version="1.0" encoding="UTF-8" ?>
<testsuite tests="5" failures="0" name="com.jpmc.sm.StockMarketTest" time="0.772" errors="0" skipped="0">
  <properties>
[...]
</properties>
  <testcase classname="com.jpmc.sm.StockMarketTest" name="calculateVolumeWeightedStockPrice" time="0.717"/>
  <testcase classname="com.jpmc.sm.StockMarketTest" name="recordATradeTest" time="0"/>
  <testcase classname="com.jpmc.sm.StockMarketTest" name="calculatePERatioTest" time="0"/>
  <testcase classname="com.jpmc.sm.StockMarketTest" name="calculateDividendYieldTest" time="0"/>
  <testcase classname="com.jpmc.sm.StockMarketTest" name="calculateGBCEAllShareIndexTest" time="0"/>
</testsuite>